<?xml version="1.0" encoding="UTF-8" standalone="no"?><?xml-stylesheet type="text/xsl" href="../lib/xsl/abstr.xsl"?><abstr><node id="30" label="{Decls}"><node id="1" label="VarDecl" lexeme="i"><node id="0" label="AtomType" spec="INTEGER"><location begcolumn="7" begline="1" endcolumn="13" endline="1" loc="1.7 - 1.13"/></node><location begcolumn="1" begline="1" endcolumn="13" endline="1" loc="1.1 - 1.13"/></node><node id="29" label="FunDecl" lexeme="main"><node id="6" label="{Pars}"><node id="5" label="ParDecl" lexeme="i"><node id="2" label="AtomType" spec="INTEGER"><location begcolumn="12" begline="2" endcolumn="18" endline="2" loc="2.12 - 2.18"/></node><location begcolumn="10" begline="2" endcolumn="18" endline="2" loc="2.10 - 2.18"/></node><node id="4" label="ParDecl" lexeme="j"><node id="3" label="AtomType" spec="INTEGER"><location begcolumn="22" begline="2" endcolumn="28" endline="2" loc="2.22 - 2.28"/></node><location begcolumn="20" begline="2" endcolumn="28" endline="2" loc="2.20 - 2.28"/></node><location begcolumn="10" begline="2" endcolumn="28" endline="2" loc="2.10 - 2.28"/></node><node id="7" label="AtomType" spec="INTEGER"><location begcolumn="31" begline="2" endcolumn="37" endline="2" loc="2.31 - 2.37"/></node><node id="28" label="WhereExpr"><node id="18" label="BinExpr" spec="ADD"><node id="16" label="BinExpr" spec="ADD"><node id="12" label="BinExpr" spec="ADD"><node id="10" label="BinExpr" spec="ADD"><node id="8" label="NameExpr" lexeme="i"><location begcolumn="39" begline="2" endcolumn="39" endline="2" loc="2.39 - 2.39"/></node><node id="9" label="NameExpr" lexeme="j"><location begcolumn="41" begline="2" endcolumn="41" endline="2" loc="2.41 - 2.41"/></node><location begcolumn="39" begline="2" endcolumn="41" endline="2" loc="2.39 - 2.41"/></node><node id="11" label="NameExpr" lexeme="k1"><location begcolumn="43" begline="2" endcolumn="44" endline="2" loc="2.43 - 2.44"/></node><location begcolumn="39" begline="2" endcolumn="44" endline="2" loc="2.39 - 2.44"/></node><node id="15" label="ArrExpr"><node id="13" label="NameExpr" lexeme="a"><location begcolumn="46" begline="2" endcolumn="46" endline="2" loc="2.46 - 2.46"/></node><node id="14" label="AtomExpr" lexeme="0" spec="INTEGER"><location begcolumn="48" begline="2" endcolumn="48" endline="2" loc="2.48 - 2.48"/></node><location begcolumn="46" begline="2" endcolumn="49" endline="2" loc="2.46 - 2.49"/></node><location begcolumn="39" begline="2" endcolumn="49" endline="2" loc="2.39 - 2.49"/></node><node id="17" label="NameExpr" lexeme="k2"><location begcolumn="51" begline="2" endcolumn="52" endline="2" loc="2.51 - 2.52"/></node><location begcolumn="39" begline="2" endcolumn="52" endline="2" loc="2.39 - 2.52"/></node><node id="27" label="{Decls}"><node id="20" label="VarDecl" lexeme="k1"><node id="19" label="AtomType" spec="INTEGER"><location begcolumn="18" begline="4" endcolumn="24" endline="4" loc="4.18 - 4.24"/></node><location begcolumn="11" begline="4" endcolumn="24" endline="4" loc="4.11 - 4.24"/></node><node id="24" label="VarDecl" lexeme="a"><node id="23" label="ArrType"><node id="21" label="AtomType" spec="INTEGER"><location begcolumn="17" begline="5" endcolumn="23" endline="5" loc="5.17 - 5.23"/></node><node id="22" label="AtomExpr" lexeme="10" spec="INTEGER"><location begcolumn="25" begline="5" endcolumn="26" endline="5" loc="5.25 - 5.26"/></node><location begcolumn="17" begline="5" endcolumn="27" endline="5" loc="5.17 - 5.27"/></node><location begcolumn="11" begline="5" endcolumn="27" endline="5" loc="5.11 - 5.27"/></node><node id="26" label="VarDecl" lexeme="k2"><node id="25" label="AtomType" spec="INTEGER"><location begcolumn="18" begline="6" endcolumn="24" endline="6" loc="6.18 - 6.24"/></node><location begcolumn="11" begline="6" endcolumn="24" endline="6" loc="6.11 - 6.24"/></node><location begcolumn="11" begline="4" endcolumn="24" endline="6" loc="4.11 - 6.24"/></node><location begcolumn="39" begline="2" endcolumn="5" endline="7" loc="2.39 - 7.5"/></node><location begcolumn="1" begline="2" endcolumn="5" endline="7" loc="2.1 - 7.5"/></node><location begcolumn="1" begline="1" endcolumn="5" endline="7" loc="1.1 - 7.5"/></node></abstr>