<?xml version="1.0" encoding="UTF-8" standalone="no"?><?xml-stylesheet type="text/xsl" href="../lib/xsl/imclin.xsl"?><imclin><datachunk init="" label="_i" size="8"/><codechunk entrylabel="L0" exitlabel="L1"><frame FP="T0" RV="T1" argssize="0" depth="0" label="_main" locssize="96" size="112"/><stmt><imc instruction="LABEL(L0)"/></stmt><stmt><imc instruction="MOVE"><imc instruction="TEMP(2)"/><imc instruction="TEMP(0)"/></imc></stmt><stmt><imc instruction="MOVE"><imc instruction="TEMP(3)"/><imc instruction="CONST(8)"/></imc></stmt><stmt><imc instruction="MOVE"><imc instruction="TEMP(4)"/><imc instruction="MEM"><imc instruction="BINOP(ADD)"><imc instruction="TEMP(2)"/><imc instruction="TEMP(3)"/></imc></imc></imc></stmt><stmt><imc instruction="MOVE"><imc instruction="TEMP(5)"/><imc instruction="TEMP(0)"/></imc></stmt><stmt><imc instruction="MOVE"><imc instruction="TEMP(6)"/><imc instruction="CONST(16)"/></imc></stmt><stmt><imc instruction="MOVE"><imc instruction="TEMP(7)"/><imc instruction="MEM"><imc instruction="BINOP(ADD)"><imc instruction="TEMP(5)"/><imc instruction="TEMP(6)"/></imc></imc></imc></stmt><stmt><imc instruction="MOVE"><imc instruction="TEMP(8)"/><imc instruction="BINOP(ADD)"><imc instruction="TEMP(4)"/><imc instruction="TEMP(7)"/></imc></imc></stmt><stmt><imc instruction="MOVE"><imc instruction="TEMP(9)"/><imc instruction="TEMP(0)"/></imc></stmt><stmt><imc instruction="MOVE"><imc instruction="TEMP(10)"/><imc instruction="CONST(-8)"/></imc></stmt><stmt><imc instruction="MOVE"><imc instruction="TEMP(11)"/><imc instruction="MEM"><imc instruction="BINOP(ADD)"><imc instruction="TEMP(9)"/><imc instruction="TEMP(10)"/></imc></imc></imc></stmt><stmt><imc instruction="MOVE"><imc instruction="TEMP(12)"/><imc instruction="BINOP(ADD)"><imc instruction="TEMP(8)"/><imc instruction="TEMP(11)"/></imc></imc></stmt><stmt><imc instruction="MOVE"><imc instruction="TEMP(13)"/><imc instruction="TEMP(0)"/></imc></stmt><stmt><imc instruction="MOVE"><imc instruction="TEMP(14)"/><imc instruction="CONST(-88)"/></imc></stmt><stmt><imc instruction="MOVE"><imc instruction="TEMP(15)"/><imc instruction="BINOP(ADD)"><imc instruction="TEMP(13)"/><imc instruction="TEMP(14)"/></imc></imc></stmt><stmt><imc instruction="MOVE"><imc instruction="TEMP(16)"/><imc instruction="CONST(0)"/></imc></stmt><stmt><imc instruction="MOVE"><imc instruction="TEMP(17)"/><imc instruction="CONST(8)"/></imc></stmt><stmt><imc instruction="MOVE"><imc instruction="TEMP(18)"/><imc instruction="BINOP(MUL)"><imc instruction="TEMP(16)"/><imc instruction="TEMP(17)"/></imc></imc></stmt><stmt><imc instruction="MOVE"><imc instruction="TEMP(19)"/><imc instruction="MEM"><imc instruction="BINOP(ADD)"><imc instruction="TEMP(15)"/><imc instruction="TEMP(18)"/></imc></imc></imc></stmt><stmt><imc instruction="MOVE"><imc instruction="TEMP(20)"/><imc instruction="BINOP(ADD)"><imc instruction="TEMP(12)"/><imc instruction="TEMP(19)"/></imc></imc></stmt><stmt><imc instruction="MOVE"><imc instruction="TEMP(21)"/><imc instruction="TEMP(0)"/></imc></stmt><stmt><imc instruction="MOVE"><imc instruction="TEMP(22)"/><imc instruction="CONST(-96)"/></imc></stmt><stmt><imc instruction="MOVE"><imc instruction="TEMP(23)"/><imc instruction="MEM"><imc instruction="BINOP(ADD)"><imc instruction="TEMP(21)"/><imc instruction="TEMP(22)"/></imc></imc></imc></stmt><stmt><imc instruction="MOVE"><imc instruction="TEMP(24)"/><imc instruction="BINOP(ADD)"><imc instruction="TEMP(20)"/><imc instruction="TEMP(23)"/></imc></imc></stmt><stmt><imc instruction="MOVE"><imc instruction="TEMP(1)"/><imc instruction="TEMP(24)"/></imc></stmt><stmt><imc instruction="JUMP(L1)"/></stmt></codechunk></imclin>