<?xml version="1.0" encoding="UTF-8" standalone="no"?><?xml-stylesheet type="text/xsl" href="../lib/xsl/lexan.xsl"?><lexan><term lexeme="var" token="KW_VAR"><location begcolumn="1" begline="1" endcolumn="3" endline="1" loc="1.1 - 1.3"/></term><term lexeme="i" token="IDENTIFIER"><location begcolumn="5" begline="1" endcolumn="5" endline="1" loc="1.5 - 1.5"/></term><term lexeme=":" token="SIM_COL"><location begcolumn="6" begline="1" endcolumn="6" endline="1" loc="1.6 - 1.6"/></term><term lexeme="integer" token="KW_INTEGER"><location begcolumn="7" begline="1" endcolumn="13" endline="1" loc="1.7 - 1.13"/></term><term lexeme="fun" token="KW_FUN"><location begcolumn="1" begline="2" endcolumn="3" endline="2" loc="2.1 - 2.3"/></term><term lexeme="main" token="IDENTIFIER"><location begcolumn="5" begline="2" endcolumn="8" endline="2" loc="2.5 - 2.8"/></term><term lexeme="(" token="SIM_LPAR"><location begcolumn="9" begline="2" endcolumn="9" endline="2" loc="2.9 - 2.9"/></term><term lexeme="i" token="IDENTIFIER"><location begcolumn="10" begline="2" endcolumn="10" endline="2" loc="2.10 - 2.10"/></term><term lexeme=":" token="SIM_COL"><location begcolumn="11" begline="2" endcolumn="11" endline="2" loc="2.11 - 2.11"/></term><term lexeme="integer" token="KW_INTEGER"><location begcolumn="12" begline="2" endcolumn="18" endline="2" loc="2.12 - 2.18"/></term><term lexeme="," token="SIM_COM"><location begcolumn="19" begline="2" endcolumn="19" endline="2" loc="2.19 - 2.19"/></term><term lexeme="j" token="IDENTIFIER"><location begcolumn="20" begline="2" endcolumn="20" endline="2" loc="2.20 - 2.20"/></term><term lexeme=":" token="SIM_COL"><location begcolumn="21" begline="2" endcolumn="21" endline="2" loc="2.21 - 2.21"/></term><term lexeme="integer" token="KW_INTEGER"><location begcolumn="22" begline="2" endcolumn="28" endline="2" loc="2.22 - 2.28"/></term><term lexeme=")" token="SIM_RPAR"><location begcolumn="29" begline="2" endcolumn="29" endline="2" loc="2.29 - 2.29"/></term><term lexeme=":" token="SIM_COL"><location begcolumn="30" begline="2" endcolumn="30" endline="2" loc="2.30 - 2.30"/></term><term lexeme="integer" token="KW_INTEGER"><location begcolumn="31" begline="2" endcolumn="37" endline="2" loc="2.31 - 2.37"/></term><term lexeme="=" token="SIM_IS"><location begcolumn="38" begline="2" endcolumn="38" endline="2" loc="2.38 - 2.38"/></term><term lexeme="i" token="IDENTIFIER"><location begcolumn="39" begline="2" endcolumn="39" endline="2" loc="2.39 - 2.39"/></term><term lexeme="+" token="SIM_PLUS"><location begcolumn="40" begline="2" endcolumn="40" endline="2" loc="2.40 - 2.40"/></term><term lexeme="j" token="IDENTIFIER"><location begcolumn="41" begline="2" endcolumn="41" endline="2" loc="2.41 - 2.41"/></term><term lexeme="+" token="SIM_PLUS"><location begcolumn="42" begline="2" endcolumn="42" endline="2" loc="2.42 - 2.42"/></term><term lexeme="k1" token="IDENTIFIER"><location begcolumn="43" begline="2" endcolumn="44" endline="2" loc="2.43 - 2.44"/></term><term lexeme="+" token="SIM_PLUS"><location begcolumn="45" begline="2" endcolumn="45" endline="2" loc="2.45 - 2.45"/></term><term lexeme="a" token="IDENTIFIER"><location begcolumn="46" begline="2" endcolumn="46" endline="2" loc="2.46 - 2.46"/></term><term lexeme="[" token="SIM_LSQRBR"><location begcolumn="47" begline="2" endcolumn="47" endline="2" loc="2.47 - 2.47"/></term><term lexeme="0" token="CONST_INTEGER"><location begcolumn="48" begline="2" endcolumn="48" endline="2" loc="2.48 - 2.48"/></term><term lexeme="]" token="SIM_RSQRBR"><location begcolumn="49" begline="2" endcolumn="49" endline="2" loc="2.49 - 2.49"/></term><term lexeme="+" token="SIM_PLUS"><location begcolumn="50" begline="2" endcolumn="50" endline="2" loc="2.50 - 2.50"/></term><term lexeme="k2" token="IDENTIFIER"><location begcolumn="51" begline="2" endcolumn="52" endline="2" loc="2.51 - 2.52"/></term><term lexeme="where" token="KW_WHERE"><location begcolumn="5" begline="3" endcolumn="9" endline="3" loc="3.5 - 3.9"/></term><term lexeme="{" token="SIM_LSQLBR"><location begcolumn="11" begline="3" endcolumn="11" endline="3" loc="3.11 - 3.11"/></term><term lexeme="var" token="KW_VAR"><location begcolumn="11" begline="4" endcolumn="13" endline="4" loc="4.11 - 4.13"/></term><term lexeme="k1" token="IDENTIFIER"><location begcolumn="15" begline="4" endcolumn="16" endline="4" loc="4.15 - 4.16"/></term><term lexeme=":" token="SIM_COL"><location begcolumn="17" begline="4" endcolumn="17" endline="4" loc="4.17 - 4.17"/></term><term lexeme="integer" token="KW_INTEGER"><location begcolumn="18" begline="4" endcolumn="24" endline="4" loc="4.18 - 4.24"/></term><term lexeme="var" token="KW_VAR"><location begcolumn="11" begline="5" endcolumn="13" endline="5" loc="5.11 - 5.13"/></term><term lexeme="a" token="IDENTIFIER"><location begcolumn="15" begline="5" endcolumn="15" endline="5" loc="5.15 - 5.15"/></term><term lexeme=":" token="SIM_COL"><location begcolumn="16" begline="5" endcolumn="16" endline="5" loc="5.16 - 5.16"/></term><term lexeme="integer" token="KW_INTEGER"><location begcolumn="17" begline="5" endcolumn="23" endline="5" loc="5.17 - 5.23"/></term><term lexeme="[" token="SIM_LSQRBR"><location begcolumn="24" begline="5" endcolumn="24" endline="5" loc="5.24 - 5.24"/></term><term lexeme="10" token="CONST_INTEGER"><location begcolumn="25" begline="5" endcolumn="26" endline="5" loc="5.25 - 5.26"/></term><term lexeme="]" token="SIM_RSQRBR"><location begcolumn="27" begline="5" endcolumn="27" endline="5" loc="5.27 - 5.27"/></term><term lexeme="var" token="KW_VAR"><location begcolumn="11" begline="6" endcolumn="13" endline="6" loc="6.11 - 6.13"/></term><term lexeme="k2" token="IDENTIFIER"><location begcolumn="15" begline="6" endcolumn="16" endline="6" loc="6.15 - 6.16"/></term><term lexeme=":" token="SIM_COL"><location begcolumn="17" begline="6" endcolumn="17" endline="6" loc="6.17 - 6.17"/></term><term lexeme="integer" token="KW_INTEGER"><location begcolumn="18" begline="6" endcolumn="24" endline="6" loc="6.18 - 6.24"/></term><term lexeme="}" token="SIM_RSQLBR"><location begcolumn="5" begline="7" endcolumn="5" endline="7" loc="7.5 - 7.5"/></term><term lexeme="" token="EOF"/></lexan>